2023.05.16 14:04:52 INFO  Started: Metals version 0.11.12 in workspace 'C:\Users\user\PFA\PROJET\github-source\Alltrue1\AllTrue1\projetAllTrue' for client Visual Studio Code 1.78.2.
mai 16, 2023 2:04:53 PM org.flywaydb.core.internal.license.VersionPrinter printVersionOnly
INFOS: Flyway Community Edition 9.16.3 by Redgate
mai 16, 2023 2:04:53 PM org.flywaydb.core.internal.license.VersionPrinter printVersion
INFOS: See release notes here: https://rd.gt/416ObMi
mai 16, 2023 2:04:53 PM org.flywaydb.core.internal.license.VersionPrinter printVersion
INFOS: 
mai 16, 2023 2:04:53 PM org.flywaydb.core.internal.database.base.BaseDatabaseType createDatabase
INFOS: Database: jdbc:h2:file:C:\Users\user\PFA\PROJET\github-source\Alltrue1\AllTrue1\projetAllTrue\.metals\metals (H2 2.1)
mai 16, 2023 2:04:53 PM org.flywaydb.core.internal.schemahistory.JdbcTableSchemaHistory allAppliedMigrations
INFOS: Schema history table "PUBLIC"."flyway_schema_history" does not exist yet
mai 16, 2023 2:04:53 PM org.flywaydb.core.internal.command.DbValidate validate
INFOS: Successfully validated 4 migrations (execution time 00:00.021s)
mai 16, 2023 2:04:53 PM org.flywaydb.core.internal.schemahistory.JdbcTableSchemaHistory create
INFOS: Creating Schema History table "PUBLIC"."flyway_schema_history" ...
mai 16, 2023 2:04:53 PM org.flywaydb.core.internal.command.DbMigrate migrateGroup
INFOS: Current version of schema "PUBLIC": << Empty Schema >>
mai 16, 2023 2:04:53 PM org.flywaydb.core.internal.command.DbMigrate doMigrateGroup
INFOS: Migrating schema "PUBLIC" to version "1 - Create tables"
mai 16, 2023 2:04:53 PM org.flywaydb.core.internal.command.DbMigrate doMigrateGroup
INFOS: Migrating schema "PUBLIC" to version "2 - Server discovery"
mai 16, 2023 2:04:53 PM org.flywaydb.core.internal.command.DbMigrate doMigrateGroup
INFOS: Migrating schema "PUBLIC" to version "3 - Jar symbols"
mai 16, 2023 2:04:53 PM org.flywaydb.core.internal.command.DbMigrate doMigrateGroup
INFOS: Migrating schema "PUBLIC" to version "4 - Fingerprints"
mai 16, 2023 2:04:53 PM org.flywaydb.core.internal.command.DbMigrate logSummary
INFOS: Successfully applied 4 migrations to schema "PUBLIC", now at version v4 (execution time 00:00.070s)
2023.05.16 14:04:53 INFO  time: initialize in 0.75s
2023.05.16 14:04:54 WARN  Build server is not auto-connectable.
2023.05.16 14:04:54 WARN  no build tool detected in workspace 'C:\Users\user\PFA\PROJET\github-source\Alltrue1\AllTrue1\projetAllTrue'. The most common cause for this problem is that the editor was opened in the wrong working directory, for example if you use sbt then the workspace directory should contain build.sbt. 
mai 16, 2023 2:07:50 PM org.eclipse.lsp4j.jsonrpc.services.GenericEndpoint notify
INFOS: Unsupported notification method: $/setTrace
mai 16, 2023 2:07:52 PM org.eclipse.lsp4j.jsonrpc.services.GenericEndpoint notify
INFOS: Unsupported notification method: $/setTrace
